<?xml version="1.0" encoding="UTF-8"?>
<testsuite xmlns:xsi="http://www.w3.org/2001/XMLSchema-instance" xsi:noNamespaceSchemaLocation="https://maven.apache.org/surefire/maven-surefire-plugin/xsd/surefire-test-report-3.0.xsd" version="3.0" name="com.example.demo.DemoApplicationTests" time="3.976" tests="1" errors="0" skipped="0" failures="0">
  <properties>
    <property name="java.specification.version" value="17"/>
    <property name="sun.cpu.isalist" value="amd64"/>
    <property name="sun.jnu.encoding" value="GBK"/>
    <property name="java.class.path" value="E:\code\javaCode\demo\target\test-classes;E:\code\javaCode\demo\target\classes;D:\maven\localRepository\org\springframework\boot\spring-boot-starter-jdbc\3.3.2\spring-boot-starter-jdbc-3.3.2.jar;D:\maven\localRepository\org\springframework\boot\spring-boot-starter\3.3.2\spring-boot-starter-3.3.2.jar;D:\maven\localRepository\org\springframework\boot\spring-boot\3.3.2\spring-boot-3.3.2.jar;D:\maven\localRepository\org\springframework\boot\spring-boot-autoconfigure\3.3.2\spring-boot-autoconfigure-3.3.2.jar;D:\maven\localRepository\org\springframework\boot\spring-boot-starter-logging\3.3.2\spring-boot-starter-logging-3.3.2.jar;D:\maven\localRepository\ch\qos\logback\logback-classic\1.5.6\logback-classic-1.5.6.jar;D:\maven\localRepository\ch\qos\logback\logback-core\1.5.6\logback-core-1.5.6.jar;D:\maven\localRepository\org\apache\logging\log4j\log4j-to-slf4j\2.23.1\log4j-to-slf4j-2.23.1.jar;D:\maven\localRepository\org\slf4j\jul-to-slf4j\2.0.13\jul-to-slf4j-2.0.13.jar;D:\maven\localRepository\jakarta\annotation\jakarta.annotation-api\2.1.1\jakarta.annotation-api-2.1.1.jar;D:\maven\localRepository\org\yaml\snakeyaml\2.2\snakeyaml-2.2.jar;D:\maven\localRepository\com\zaxxer\HikariCP\5.1.0\HikariCP-5.1.0.jar;D:\maven\localRepository\org\slf4j\slf4j-api\2.0.13\slf4j-api-2.0.13.jar;D:\maven\localRepository\org\springframework\spring-jdbc\6.1.11\spring-jdbc-6.1.11.jar;D:\maven\localRepository\org\springframework\spring-beans\6.1.11\spring-beans-6.1.11.jar;D:\maven\localRepository\org\springframework\spring-tx\6.1.11\spring-tx-6.1.11.jar;D:\maven\localRepository\org\springframework\boot\spring-boot-starter-web\3.3.2\spring-boot-starter-web-3.3.2.jar;D:\maven\localRepository\org\springframework\boot\spring-boot-starter-json\3.3.2\spring-boot-starter-json-3.3.2.jar;D:\maven\localRepository\com\fasterxml\jackson\core\jackson-databind\2.17.2\jackson-databind-2.17.2.jar;D:\maven\localRepository\com\fasterxml\jackson\core\jackson-annotations\2.17.2\jackson-annotations-2.17.2.jar;D:\maven\localRepository\com\fasterxml\jackson\core\jackson-core\2.17.2\jackson-core-2.17.2.jar;D:\maven\localRepository\com\fasterxml\jackson\datatype\jackson-datatype-jdk8\2.17.2\jackson-datatype-jdk8-2.17.2.jar;D:\maven\localRepository\com\fasterxml\jackson\datatype\jackson-datatype-jsr310\2.17.2\jackson-datatype-jsr310-2.17.2.jar;D:\maven\localRepository\com\fasterxml\jackson\module\jackson-module-parameter-names\2.17.2\jackson-module-parameter-names-2.17.2.jar;D:\maven\localRepository\org\springframework\boot\spring-boot-starter-tomcat\3.3.2\spring-boot-starter-tomcat-3.3.2.jar;D:\maven\localRepository\org\apache\tomcat\embed\tomcat-embed-core\10.1.26\tomcat-embed-core-10.1.26.jar;D:\maven\localRepository\org\apache\tomcat\embed\tomcat-embed-el\10.1.26\tomcat-embed-el-10.1.26.jar;D:\maven\localRepository\org\apache\tomcat\embed\tomcat-embed-websocket\10.1.26\tomcat-embed-websocket-10.1.26.jar;D:\maven\localRepository\org\springframework\spring-web\6.1.11\spring-web-6.1.11.jar;D:\maven\localRepository\io\micrometer\micrometer-observation\1.13.2\micrometer-observation-1.13.2.jar;D:\maven\localRepository\io\micrometer\micrometer-commons\1.13.2\micrometer-commons-1.13.2.jar;D:\maven\localRepository\org\springframework\spring-webmvc\6.1.11\spring-webmvc-6.1.11.jar;D:\maven\localRepository\org\springframework\spring-aop\6.1.11\spring-aop-6.1.11.jar;D:\maven\localRepository\org\springframework\spring-context\6.1.11\spring-context-6.1.11.jar;D:\maven\localRepository\org\springframework\spring-expression\6.1.11\spring-expression-6.1.11.jar;D:\maven\localRepository\org\mybatis\spring\boot\mybatis-spring-boot-starter\3.0.3\mybatis-spring-boot-starter-3.0.3.jar;D:\maven\localRepository\org\mybatis\spring\boot\mybatis-spring-boot-autoconfigure\3.0.3\mybatis-spring-boot-autoconfigure-3.0.3.jar;D:\maven\localRepository\org\mybatis\mybatis\3.5.14\mybatis-3.5.14.jar;D:\maven\localRepository\org\mybatis\mybatis-spring\3.0.3\mybatis-spring-3.0.3.jar;D:\maven\localRepository\org\projectlombok\lombok\1.18.34\lombok-1.18.34.jar;D:\maven\localRepository\org\springframework\boot\spring-boot-starter-test\3.3.2\spring-boot-starter-test-3.3.2.jar;D:\maven\localRepository\org\springframework\boot\spring-boot-test\3.3.2\spring-boot-test-3.3.2.jar;D:\maven\localRepository\org\springframework\boot\spring-boot-test-autoconfigure\3.3.2\spring-boot-test-autoconfigure-3.3.2.jar;D:\maven\localRepository\com\jayway\jsonpath\json-path\2.9.0\json-path-2.9.0.jar;D:\maven\localRepository\jakarta\xml\bind\jakarta.xml.bind-api\4.0.2\jakarta.xml.bind-api-4.0.2.jar;D:\maven\localRepository\jakarta\activation\jakarta.activation-api\2.1.3\jakarta.activation-api-2.1.3.jar;D:\maven\localRepository\net\minidev\json-smart\2.5.1\json-smart-2.5.1.jar;D:\maven\localRepository\net\minidev\accessors-smart\2.5.1\accessors-smart-2.5.1.jar;D:\maven\localRepository\org\ow2\asm\asm\9.6\asm-9.6.jar;D:\maven\localRepository\org\assertj\assertj-core\3.25.3\assertj-core-3.25.3.jar;D:\maven\localRepository\net\bytebuddy\byte-buddy\1.14.18\byte-buddy-1.14.18.jar;D:\maven\localRepository\org\awaitility\awaitility\4.2.1\awaitility-4.2.1.jar;D:\maven\localRepository\org\hamcrest\hamcrest\2.2\hamcrest-2.2.jar;D:\maven\localRepository\org\junit\jupiter\junit-jupiter\5.10.3\junit-jupiter-5.10.3.jar;D:\maven\localRepository\org\junit\jupiter\junit-jupiter-api\5.10.3\junit-jupiter-api-5.10.3.jar;D:\maven\localRepository\org\opentest4j\opentest4j\1.3.0\opentest4j-1.3.0.jar;D:\maven\localRepository\org\junit\platform\junit-platform-commons\1.10.3\junit-platform-commons-1.10.3.jar;D:\maven\localRepository\org\apiguardian\apiguardian-api\1.1.2\apiguardian-api-1.1.2.jar;D:\maven\localRepository\org\junit\jupiter\junit-jupiter-params\5.10.3\junit-jupiter-params-5.10.3.jar;D:\maven\localRepository\org\junit\jupiter\junit-jupiter-engine\5.10.3\junit-jupiter-engine-5.10.3.jar;D:\maven\localRepository\org\junit\platform\junit-platform-engine\1.10.3\junit-platform-engine-1.10.3.jar;D:\maven\localRepository\org\mockito\mockito-core\5.11.0\mockito-core-5.11.0.jar;D:\maven\localRepository\net\bytebuddy\byte-buddy-agent\1.14.18\byte-buddy-agent-1.14.18.jar;D:\maven\localRepository\org\objenesis\objenesis\3.3\objenesis-3.3.jar;D:\maven\localRepository\org\mockito\mockito-junit-jupiter\5.11.0\mockito-junit-jupiter-5.11.0.jar;D:\maven\localRepository\org\skyscreamer\jsonassert\1.5.3\jsonassert-1.5.3.jar;D:\maven\localRepository\com\vaadin\external\google\android-json\0.0.20131108.vaadin1\android-json-0.0.20131108.vaadin1.jar;D:\maven\localRepository\org\springframework\spring-core\6.1.11\spring-core-6.1.11.jar;D:\maven\localRepository\org\springframework\spring-jcl\6.1.11\spring-jcl-6.1.11.jar;D:\maven\localRepository\org\springframework\spring-test\6.1.11\spring-test-6.1.11.jar;D:\maven\localRepository\org\xmlunit\xmlunit-core\2.9.1\xmlunit-core-2.9.1.jar;D:\maven\localRepository\mysql\mysql-connector-java\5.1.47\mysql-connector-java-5.1.47.jar;D:\maven\localRepository\com\alibaba\druid\1.2.6\druid-1.2.6.jar;D:\maven\localRepository\org\apache\poi\poi-ooxml\5.2.3\poi-ooxml-5.2.3.jar;D:\maven\localRepository\org\apache\poi\poi\5.2.3\poi-5.2.3.jar;D:\maven\localRepository\commons-codec\commons-codec\1.16.1\commons-codec-1.16.1.jar;D:\maven\localRepository\org\apache\commons\commons-math3\3.6.1\commons-math3-3.6.1.jar;D:\maven\localRepository\com\zaxxer\SparseBitSet\1.2\SparseBitSet-1.2.jar;D:\maven\localRepository\org\apache\poi\poi-ooxml-lite\5.2.3\poi-ooxml-lite-5.2.3.jar;D:\maven\localRepository\org\apache\xmlbeans\xmlbeans\5.1.1\xmlbeans-5.1.1.jar;D:\maven\localRepository\org\apache\commons\commons-compress\1.21\commons-compress-1.21.jar;D:\maven\localRepository\commons-io\commons-io\2.11.0\commons-io-2.11.0.jar;D:\maven\localRepository\com\github\virtuald\curvesapi\1.07\curvesapi-1.07.jar;D:\maven\localRepository\org\apache\logging\log4j\log4j-api\2.23.1\log4j-api-2.23.1.jar;D:\maven\localRepository\org\apache\commons\commons-collections4\4.4\commons-collections4-4.4.jar;D:\maven\localRepository\org\springframework\boot\spring-boot-starter-amqp\2.2.5.RELEASE\spring-boot-starter-amqp-2.2.5.RELEASE.jar;D:\maven\localRepository\org\springframework\spring-messaging\6.1.11\spring-messaging-6.1.11.jar;D:\maven\localRepository\org\springframework\amqp\spring-rabbit\3.1.6\spring-rabbit-3.1.6.jar;D:\maven\localRepository\org\springframework\amqp\spring-amqp\3.1.6\spring-amqp-3.1.6.jar;D:\maven\localRepository\org\springframework\retry\spring-retry\2.0.7\spring-retry-2.0.7.jar;D:\maven\localRepository\com\rabbitmq\amqp-client\5.21.0\amqp-client-5.21.0.jar;"/>
    <property name="java.vm.vendor" value="Oracle Corporation"/>
    <property name="sun.arch.data.model" value="64"/>
    <property name="user.variant" value=""/>
    <property name="java.vendor.url" value="https://java.oracle.com/"/>
    <property name="user.timezone" value="Asia/Shanghai"/>
    <property name="os.name" value="Windows 10"/>
    <property name="java.vm.specification.version" value="17"/>
    <property name="sun.java.launcher" value="SUN_STANDARD"/>
    <property name="user.country" value="CN"/>
    <property name="sun.boot.library.path" value="D:\java\jdk-17\bin"/>
    <property name="sun.java.command" value="C:\Users\lww\AppData\Local\Temp\surefire486236373635751558\surefirebooter-20240821170100473_3.jar C:\Users\lww\AppData\Local\Temp\surefire486236373635751558 2024-08-21T17-01-00_283-jvmRun1 surefire-20240821170100473_1tmp surefire_0-20240821170100473_2tmp"/>
    <property name="jdk.debug" value="release"/>
    <property name="surefire.test.class.path" value="E:\code\javaCode\demo\target\test-classes;E:\code\javaCode\demo\target\classes;D:\maven\localRepository\org\springframework\boot\spring-boot-starter-jdbc\3.3.2\spring-boot-starter-jdbc-3.3.2.jar;D:\maven\localRepository\org\springframework\boot\spring-boot-starter\3.3.2\spring-boot-starter-3.3.2.jar;D:\maven\localRepository\org\springframework\boot\spring-boot\3.3.2\spring-boot-3.3.2.jar;D:\maven\localRepository\org\springframework\boot\spring-boot-autoconfigure\3.3.2\spring-boot-autoconfigure-3.3.2.jar;D:\maven\localRepository\org\springframework\boot\spring-boot-starter-logging\3.3.2\spring-boot-starter-logging-3.3.2.jar;D:\maven\localRepository\ch\qos\logback\logback-classic\1.5.6\logback-classic-1.5.6.jar;D:\maven\localRepository\ch\qos\logback\logback-core\1.5.6\logback-core-1.5.6.jar;D:\maven\localRepository\org\apache\logging\log4j\log4j-to-slf4j\2.23.1\log4j-to-slf4j-2.23.1.jar;D:\maven\localRepository\org\slf4j\jul-to-slf4j\2.0.13\jul-to-slf4j-2.0.13.jar;D:\maven\localRepository\jakarta\annotation\jakarta.annotation-api\2.1.1\jakarta.annotation-api-2.1.1.jar;D:\maven\localRepository\org\yaml\snakeyaml\2.2\snakeyaml-2.2.jar;D:\maven\localRepository\com\zaxxer\HikariCP\5.1.0\HikariCP-5.1.0.jar;D:\maven\localRepository\org\slf4j\slf4j-api\2.0.13\slf4j-api-2.0.13.jar;D:\maven\localRepository\org\springframework\spring-jdbc\6.1.11\spring-jdbc-6.1.11.jar;D:\maven\localRepository\org\springframework\spring-beans\6.1.11\spring-beans-6.1.11.jar;D:\maven\localRepository\org\springframework\spring-tx\6.1.11\spring-tx-6.1.11.jar;D:\maven\localRepository\org\springframework\boot\spring-boot-starter-web\3.3.2\spring-boot-starter-web-3.3.2.jar;D:\maven\localRepository\org\springframework\boot\spring-boot-starter-json\3.3.2\spring-boot-starter-json-3.3.2.jar;D:\maven\localRepository\com\fasterxml\jackson\core\jackson-databind\2.17.2\jackson-databind-2.17.2.jar;D:\maven\localRepository\com\fasterxml\jackson\core\jackson-annotations\2.17.2\jackson-annotations-2.17.2.jar;D:\maven\localRepository\com\fasterxml\jackson\core\jackson-core\2.17.2\jackson-core-2.17.2.jar;D:\maven\localRepository\com\fasterxml\jackson\datatype\jackson-datatype-jdk8\2.17.2\jackson-datatype-jdk8-2.17.2.jar;D:\maven\localRepository\com\fasterxml\jackson\datatype\jackson-datatype-jsr310\2.17.2\jackson-datatype-jsr310-2.17.2.jar;D:\maven\localRepository\com\fasterxml\jackson\module\jackson-module-parameter-names\2.17.2\jackson-module-parameter-names-2.17.2.jar;D:\maven\localRepository\org\springframework\boot\spring-boot-starter-tomcat\3.3.2\spring-boot-starter-tomcat-3.3.2.jar;D:\maven\localRepository\org\apache\tomcat\embed\tomcat-embed-core\10.1.26\tomcat-embed-core-10.1.26.jar;D:\maven\localRepository\org\apache\tomcat\embed\tomcat-embed-el\10.1.26\tomcat-embed-el-10.1.26.jar;D:\maven\localRepository\org\apache\tomcat\embed\tomcat-embed-websocket\10.1.26\tomcat-embed-websocket-10.1.26.jar;D:\maven\localRepository\org\springframework\spring-web\6.1.11\spring-web-6.1.11.jar;D:\maven\localRepository\io\micrometer\micrometer-observation\1.13.2\micrometer-observation-1.13.2.jar;D:\maven\localRepository\io\micrometer\micrometer-commons\1.13.2\micrometer-commons-1.13.2.jar;D:\maven\localRepository\org\springframework\spring-webmvc\6.1.11\spring-webmvc-6.1.11.jar;D:\maven\localRepository\org\springframework\spring-aop\6.1.11\spring-aop-6.1.11.jar;D:\maven\localRepository\org\springframework\spring-context\6.1.11\spring-context-6.1.11.jar;D:\maven\localRepository\org\springframework\spring-expression\6.1.11\spring-expression-6.1.11.jar;D:\maven\localRepository\org\mybatis\spring\boot\mybatis-spring-boot-starter\3.0.3\mybatis-spring-boot-starter-3.0.3.jar;D:\maven\localRepository\org\mybatis\spring\boot\mybatis-spring-boot-autoconfigure\3.0.3\mybatis-spring-boot-autoconfigure-3.0.3.jar;D:\maven\localRepository\org\mybatis\mybatis\3.5.14\mybatis-3.5.14.jar;D:\maven\localRepository\org\mybatis\mybatis-spring\3.0.3\mybatis-spring-3.0.3.jar;D:\maven\localRepository\org\projectlombok\lombok\1.18.34\lombok-1.18.34.jar;D:\maven\localRepository\org\springframework\boot\spring-boot-starter-test\3.3.2\spring-boot-starter-test-3.3.2.jar;D:\maven\localRepository\org\springframework\boot\spring-boot-test\3.3.2\spring-boot-test-3.3.2.jar;D:\maven\localRepository\org\springframework\boot\spring-boot-test-autoconfigure\3.3.2\spring-boot-test-autoconfigure-3.3.2.jar;D:\maven\localRepository\com\jayway\jsonpath\json-path\2.9.0\json-path-2.9.0.jar;D:\maven\localRepository\jakarta\xml\bind\jakarta.xml.bind-api\4.0.2\jakarta.xml.bind-api-4.0.2.jar;D:\maven\localRepository\jakarta\activation\jakarta.activation-api\2.1.3\jakarta.activation-api-2.1.3.jar;D:\maven\localRepository\net\minidev\json-smart\2.5.1\json-smart-2.5.1.jar;D:\maven\localRepository\net\minidev\accessors-smart\2.5.1\accessors-smart-2.5.1.jar;D:\maven\localRepository\org\ow2\asm\asm\9.6\asm-9.6.jar;D:\maven\localRepository\org\assertj\assertj-core\3.25.3\assertj-core-3.25.3.jar;D:\maven\localRepository\net\bytebuddy\byte-buddy\1.14.18\byte-buddy-1.14.18.jar;D:\maven\localRepository\org\awaitility\awaitility\4.2.1\awaitility-4.2.1.jar;D:\maven\localRepository\org\hamcrest\hamcrest\2.2\hamcrest-2.2.jar;D:\maven\localRepository\org\junit\jupiter\junit-jupiter\5.10.3\junit-jupiter-5.10.3.jar;D:\maven\localRepository\org\junit\jupiter\junit-jupiter-api\5.10.3\junit-jupiter-api-5.10.3.jar;D:\maven\localRepository\org\opentest4j\opentest4j\1.3.0\opentest4j-1.3.0.jar;D:\maven\localRepository\org\junit\platform\junit-platform-commons\1.10.3\junit-platform-commons-1.10.3.jar;D:\maven\localRepository\org\apiguardian\apiguardian-api\1.1.2\apiguardian-api-1.1.2.jar;D:\maven\localRepository\org\junit\jupiter\junit-jupiter-params\5.10.3\junit-jupiter-params-5.10.3.jar;D:\maven\localRepository\org\junit\jupiter\junit-jupiter-engine\5.10.3\junit-jupiter-engine-5.10.3.jar;D:\maven\localRepository\org\junit\platform\junit-platform-engine\1.10.3\junit-platform-engine-1.10.3.jar;D:\maven\localRepository\org\mockito\mockito-core\5.11.0\mockito-core-5.11.0.jar;D:\maven\localRepository\net\bytebuddy\byte-buddy-agent\1.14.18\byte-buddy-agent-1.14.18.jar;D:\maven\localRepository\org\objenesis\objenesis\3.3\objenesis-3.3.jar;D:\maven\localRepository\org\mockito\mockito-junit-jupiter\5.11.0\mockito-junit-jupiter-5.11.0.jar;D:\maven\localRepository\org\skyscreamer\jsonassert\1.5.3\jsonassert-1.5.3.jar;D:\maven\localRepository\com\vaadin\external\google\android-json\0.0.20131108.vaadin1\android-json-0.0.20131108.vaadin1.jar;D:\maven\localRepository\org\springframework\spring-core\6.1.11\spring-core-6.1.11.jar;D:\maven\localRepository\org\springframework\spring-jcl\6.1.11\spring-jcl-6.1.11.jar;D:\maven\localRepository\org\springframework\spring-test\6.1.11\spring-test-6.1.11.jar;D:\maven\localRepository\org\xmlunit\xmlunit-core\2.9.1\xmlunit-core-2.9.1.jar;D:\maven\localRepository\mysql\mysql-connector-java\5.1.47\mysql-connector-java-5.1.47.jar;D:\maven\localRepository\com\alibaba\druid\1.2.6\druid-1.2.6.jar;D:\maven\localRepository\org\apache\poi\poi-ooxml\5.2.3\poi-ooxml-5.2.3.jar;D:\maven\localRepository\org\apache\poi\poi\5.2.3\poi-5.2.3.jar;D:\maven\localRepository\commons-codec\commons-codec\1.16.1\commons-codec-1.16.1.jar;D:\maven\localRepository\org\apache\commons\commons-math3\3.6.1\commons-math3-3.6.1.jar;D:\maven\localRepository\com\zaxxer\SparseBitSet\1.2\SparseBitSet-1.2.jar;D:\maven\localRepository\org\apache\poi\poi-ooxml-lite\5.2.3\poi-ooxml-lite-5.2.3.jar;D:\maven\localRepository\org\apache\xmlbeans\xmlbeans\5.1.1\xmlbeans-5.1.1.jar;D:\maven\localRepository\org\apache\commons\commons-compress\1.21\commons-compress-1.21.jar;D:\maven\localRepository\commons-io\commons-io\2.11.0\commons-io-2.11.0.jar;D:\maven\localRepository\com\github\virtuald\curvesapi\1.07\curvesapi-1.07.jar;D:\maven\localRepository\org\apache\logging\log4j\log4j-api\2.23.1\log4j-api-2.23.1.jar;D:\maven\localRepository\org\apache\commons\commons-collections4\4.4\commons-collections4-4.4.jar;D:\maven\localRepository\org\springframework\boot\spring-boot-starter-amqp\2.2.5.RELEASE\spring-boot-starter-amqp-2.2.5.RELEASE.jar;D:\maven\localRepository\org\springframework\spring-messaging\6.1.11\spring-messaging-6.1.11.jar;D:\maven\localRepository\org\springframework\amqp\spring-rabbit\3.1.6\spring-rabbit-3.1.6.jar;D:\maven\localRepository\org\springframework\amqp\spring-amqp\3.1.6\spring-amqp-3.1.6.jar;D:\maven\localRepository\org\springframework\retry\spring-retry\2.0.7\spring-retry-2.0.7.jar;D:\maven\localRepository\com\rabbitmq\amqp-client\5.21.0\amqp-client-5.21.0.jar;"/>
    <property name="sun.cpu.endian" value="little"/>
    <property name="user.home" value="C:\Users\lww"/>
    <property name="user.language" value="zh"/>
    <property name="java.specification.vendor" value="Oracle Corporation"/>
    <property name="java.version.date" value="2023-07-18"/>
    <property name="java.home" value="D:\java\jdk-17"/>
    <property name="file.separator" value="\"/>
    <property name="basedir" value="E:\code\javaCode\demo"/>
    <property name="java.vm.compressedOopsMode" value="Zero based"/>
    <property name="line.separator" value="&#10;"/>
    <property name="java.vm.specification.vendor" value="Oracle Corporation"/>
    <property name="java.specification.name" value="Java Platform API Specification"/>
    <property name="FILE_LOG_CHARSET" value="GBK"/>
    <property name="java.awt.headless" value="true"/>
    <property name="surefire.real.class.path" value="C:\Users\lww\AppData\Local\Temp\surefire486236373635751558\surefirebooter-20240821170100473_3.jar"/>
    <property name="user.script" value=""/>
    <property name="sun.management.compiler" value="HotSpot 64-Bit Tiered Compilers"/>
    <property name="java.runtime.version" value="17.0.8+9-LTS-211"/>
    <property name="user.name" value="lww"/>
    <property name="path.separator" value=";"/>
    <property name="os.version" value="10.0"/>
    <property name="java.runtime.name" value="Java(TM) SE Runtime Environment"/>
    <property name="file.encoding" value="GBK"/>
    <property name="java.vm.name" value="Java HotSpot(TM) 64-Bit Server VM"/>
    <property name="localRepository" value="D:\maven\localRepository"/>
    <property name="java.vendor.url.bug" value="https://bugreport.java.com/bugreport/"/>
    <property name="java.io.tmpdir" value="C:\Users\lww\AppData\Local\Temp\"/>
    <property name="idea.version" value="2023.3.2"/>
    <property name="java.version" value="17.0.8"/>
    <property name="user.dir" value="E:\code\javaCode\demo"/>
    <property name="os.arch" value="amd64"/>
    <property name="java.vm.specification.name" value="Java Virtual Machine Specification"/>
    <property name="PID" value="19032"/>
    <property name="sun.os.patch.level" value=""/>
    <property name="CONSOLE_LOG_CHARSET" value="GBK"/>
    <property name="native.encoding" value="GBK"/>
    <property name="java.library.path" value="D:\java\jdk-17\bin;C:\WINDOWS\Sun\Java\bin;C:\WINDOWS\system32;C:\WINDOWS;D:\VMware\bin\;D:\Anaconda3-202105;D:\Anaconda3-202105\Library\mingw-w64\bin;D:\Anaconda3-202105\Library\usr\bin;D:\Anaconda3-202105\Library\bin;D:\Anaconda3-202105\Scripts;D:\java\jdk-17\bin;C:\Program Files\MySQL\MySQL Server 5.7\bin;C:\Program Files (x86)\Common Files\Oracle\Java\javapath;C:\WINDOWS\system32;C:\WINDOWS;C:\WINDOWS\System32\Wbem;C:\WINDOWS\System32\WindowsPowerShell\v1.0\;C:\WINDOWS\System32\OpenSSH\;D:\WinSCP\;node_global;D:\maven\apache-maven-3.5.3\bin;D:\Git\cmd;D:\VivadoFile\big_project\GNU MCU Eclipse\RISC-V Embedded GCC\8.2.0-2.2-20190521-0004\bin;D:\Xshell\;D:\ffmpeg\bin;D:\Go\bin;%NVM_HOME%;%NVM_SYMLINK%;C:\ProgramData\chocolatey\bin;E:\nodejs\;E:\nodejs\node_global\node_modules;C:\Program Files\MySQL\MySQL Shell 8.0\bin\;D:\Microsoft VS Code\bin;D:\Fiddler;C:\Users\lww\go\bin;D:\GoLand 2022.2.3\bin;;%NVM_HOME%;%NVM_SYMLINK%;E:\nodejs\node_global;;."/>
    <property name="java.vm.info" value="mixed mode, sharing"/>
    <property name="java.vendor" value="Oracle Corporation"/>
    <property name="java.vm.version" value="17.0.8+9-LTS-211"/>
    <property name="sun.io.unicode.encoding" value="UnicodeLittle"/>
    <property name="maven.repo.local" value="D:\maven\localRepository"/>
    <property name="java.class.version" value="61.0"/>
  </properties>
  <testcase name="contextLoads" classname="com.example.demo.DemoApplicationTests" time="0.592">
    <system-out><![CDATA[17:01:01.212 [main] INFO org.springframework.test.context.support.AnnotationConfigContextLoaderUtils -- Could not detect default configuration classes for test class [com.example.demo.DemoApplicationTests]: DemoApplicationTests does not declare any static, non-private, non-final, nested classes annotated with @Configuration.
17:01:01.280 [main] INFO org.springframework.boot.test.context.SpringBootTestContextBootstrapper -- Found @SpringBootConfiguration com.example.demo.DemoApplication for test class com.example.demo.DemoApplicationTests

  .   ____          _            __ _ _
 /\\ / ___'_ __ _ _(_)_ __  __ _ \ \ \ \
( ( )\___ | '_ | '_| | '_ \/ _` | \ \ \ \
 \\/  ___)| |_)| | | | | || (_| |  ) ) ) )
  '  |____| .__|_| |_|_| |_\__, | / / / /
 =========|_|==============|___/=/_/_/_/

 :: Spring Boot ::                (v3.3.2)

2024-08-21T17:01:01.583+08:00  INFO 19032 --- [           main] com.example.demo.DemoApplicationTests    : Starting DemoApplicationTests using Java 17.0.8 with PID 19032 (started by lww in E:\code\javaCode\demo)
2024-08-21T17:01:01.584+08:00  INFO 19032 --- [           main] com.example.demo.DemoApplicationTests    : No active profile set, falling back to 1 default profile: "default"
2024-08-21T17:01:02.876+08:00  INFO 19032 --- [           main] o.s.b.a.w.s.WelcomePageHandlerMapping    : Adding welcome page: class path resource [static/index.html]
2024-08-21T17:01:03.233+08:00  INFO 19032 --- [           main] o.s.a.r.c.CachingConnectionFactory       : Attempting to connect to: [47.94.218.214:5672]
2024-08-21T17:01:03.490+08:00  INFO 19032 --- [           main] o.s.a.r.c.CachingConnectionFactory       : Created new connection: rabbitConnectionFactory#15d3793b:0/SimpleConnection@4adf3582 [delegate=amqp://admin@47.94.218.214:5672/, localPort=14684]
2024-08-21T17:01:03.502+08:00  INFO 19032 --- [           main] o.s.amqp.rabbit.core.RabbitAdmin         : Auto-declaring a non-durable, auto-delete, or exclusive Queue (spring.gen-Vz6kDWUZSfCsnUQHIx7NXQ) durable:false, auto-delete:true, exclusive:true. It will be redeclared if the broker stops and is restarted while the connection factory is alive, but all messages will be lost.
2024-08-21T17:01:03.502+08:00  INFO 19032 --- [           main] o.s.amqp.rabbit.core.RabbitAdmin         : Auto-declaring a non-durable, auto-delete, or exclusive Queue (spring.gen-I--3hG-bS6SNOzgtF93jfA) durable:false, auto-delete:true, exclusive:true. It will be redeclared if the broker stops and is restarted while the connection factory is alive, but all messages will be lost.
2024-08-21T17:01:04.468+08:00  INFO 19032 --- [           main] com.example.demo.DemoApplicationTests    : Started DemoApplicationTests in 3.084 seconds (process running for 3.88)
]]></system-out>
  </testcase>
</testsuite>